c:\users\sdasd\documents\github\3dengine\x64\debug\int\vc142.pdb
c:\users\sdasd\documents\github\3dengine\x64\debug\int\vc142.idb
c:\users\sdasd\documents\github\3dengine\x64\debug\int\render.obj
c:\users\sdasd\documents\github\3dengine\x64\debug\int\main.obj
c:\users\sdasd\documents\github\3dengine\x64\debug\int\loadmodel.obj
c:\users\sdasd\documents\github\3dengine\x64\debug\int\compilefromfile.obj
c:\users\sdasd\documents\github\3dengine\x64\debug\int\imgui_impl_sdl_gl3.obj
c:\users\sdasd\documents\github\3dengine\x64\debug\int\imgui_draw.obj
c:\users\sdasd\documents\github\3dengine\x64\debug\int\imgui_demo.obj
c:\users\sdasd\documents\github\3dengine\x64\debug\int\imgui.obj
c:\users\sdasd\documents\github\3dengine\x64\debug\int\rendervars.obj
c:\users\sdasd\documents\github\3dengine\x64\debug\int\object.obj
c:\users\xavi\documents\github\infografica\x64\debug\gl_framework.lib
c:\users\xavi\documents\github\infografica\x64\debug\gl_framework.exp
c:\users\sdasd\desktop\info gràfica\entregues\entrega3\framework\x64\debug\gl_framework.lib
c:\users\sdasd\desktop\info gràfica\entregues\entrega3\framework\x64\debug\gl_framework.exp
e:\12-04-2022\info gràfica\entregues\entrega3\framework\x64\debug\gl_framework.lib
e:\12-04-2022\info gràfica\entregues\entrega3\framework\x64\debug\gl_framework.exp
c:\users\sdasd\documents\github\3dengine\x64\debug\gl_framework.lib
c:\users\sdasd\documents\github\3dengine\x64\debug\gl_framework.exp
c:\users\sdasd\documents\github\3dengine\x64\debug\int\vc141.idb
c:\users\sdasd\documents\github\3dengine\x64\debug\int\vc141.pdb
c:\users\sdasd\documents\github\3dengine\x64\debug\gl_framework.pdb
c:\users\sdasd\documents\github\3dengine\x64\debug\gl_framework.ilk
c:\users\sdasd\documents\github\3dengine\x64\debug\int\gl_framework.tlog\cl.command.1.tlog
c:\users\sdasd\documents\github\3dengine\x64\debug\int\gl_framework.tlog\cl.read.1.tlog
c:\users\sdasd\documents\github\3dengine\x64\debug\int\gl_framework.tlog\cl.write.1.tlog
c:\users\sdasd\documents\github\3dengine\x64\debug\int\gl_framework.tlog\gl_framework.write.1u.tlog
c:\users\sdasd\documents\github\3dengine\x64\debug\int\gl_framework.tlog\link-cvtres.read.1.tlog
c:\users\sdasd\documents\github\3dengine\x64\debug\int\gl_framework.tlog\link-cvtres.write.1.tlog
c:\users\sdasd\documents\github\3dengine\x64\debug\int\gl_framework.tlog\link-rc.read.1.tlog
c:\users\sdasd\documents\github\3dengine\x64\debug\int\gl_framework.tlog\link-rc.write.1.tlog
c:\users\sdasd\documents\github\3dengine\x64\debug\int\gl_framework.tlog\link.19872-cvtres.read.1.tlog
c:\users\sdasd\documents\github\3dengine\x64\debug\int\gl_framework.tlog\link.19872-cvtres.write.1.tlog
c:\users\sdasd\documents\github\3dengine\x64\debug\int\gl_framework.tlog\link.19872-rc.read.1.tlog
c:\users\sdasd\documents\github\3dengine\x64\debug\int\gl_framework.tlog\link.19872-rc.write.1.tlog
c:\users\sdasd\documents\github\3dengine\x64\debug\int\gl_framework.tlog\link.19872.read.1.tlog
c:\users\sdasd\documents\github\3dengine\x64\debug\int\gl_framework.tlog\link.19872.write.1.tlog
c:\users\sdasd\documents\github\3dengine\x64\debug\int\gl_framework.tlog\link.command.1.tlog
c:\users\sdasd\documents\github\3dengine\x64\debug\int\gl_framework.tlog\link.delete.1.tlog
c:\users\sdasd\documents\github\3dengine\x64\debug\int\gl_framework.tlog\link.read.1.tlog
c:\users\sdasd\documents\github\3dengine\x64\debug\int\gl_framework.tlog\link.write.1.tlog
